[ERROR] 2019-03-27 08:31:28.511 [main] AbstractDaoImplementation - java.sql.SQLIntegrityConstraintViolationException: Cannot delete or update a parent row: a foreign key constraint fails (`tattoosalon`.`orders`, CONSTRAINT `orders_ibfk_1` FOREIGN KEY (`userId`) REFERENCES `users` (`userId`))
[ERROR] 2019-03-27 08:32:55.966 [main] AbstractDaoImplementation - java.sql.SQLIntegrityConstraintViolationException: Cannot delete or update a parent row: a foreign key constraint fails (`tattoosalon`.`orders`, CONSTRAINT `orders_ibfk_1` FOREIGN KEY (`userId`) REFERENCES `users` (`userId`))
[ERROR] 2019-03-27 08:33:12.221 [main] AbstractDaoImplementation - java.sql.SQLIntegrityConstraintViolationException: Cannot delete or update a parent row: a foreign key constraint fails (`tattoosalon`.`orders`, CONSTRAINT `orders_ibfk_1` FOREIGN KEY (`userId`) REFERENCES `users` (`userId`))
[ERROR] 2019-03-27 10:29:56.350 [main] JDBCConnectionPool - java.io.FileNotFoundException: db.properties (No such file or directory)
[ERROR] 2019-03-27 10:29:56.367 [main] JDBCConnectionPool - java.sql.SQLException: The url cannot be null
[ERROR] 2019-03-27 10:29:56.367 [main] JDBCConnectionPool - java.sql.SQLException: The url cannot be null
[ERROR] 2019-03-27 10:29:56.367 [main] JDBCConnectionPool - java.sql.SQLException: The url cannot be null
[ERROR] 2019-03-27 10:29:56.367 [main] JDBCConnectionPool - java.sql.SQLException: The url cannot be null
[ERROR] 2019-03-27 10:29:56.367 [main] JDBCConnectionPool - java.sql.SQLException: The url cannot be null
[ERROR] 2019-03-27 10:29:56.367 [main] JDBCConnectionPool - java.sql.SQLException: The url cannot be null
[ERROR] 2019-03-27 10:29:56.367 [main] JDBCConnectionPool - java.sql.SQLException: The url cannot be null
[ERROR] 2019-03-27 10:29:56.367 [main] JDBCConnectionPool - java.sql.SQLException: The url cannot be null
[ERROR] 2019-03-27 10:29:56.368 [main] JDBCConnectionPool - java.sql.SQLException: The url cannot be null
[ERROR] 2019-03-27 10:29:56.368 [main] JDBCConnectionPool - java.sql.SQLException: The url cannot be null
[ERROR] 2019-03-27 10:29:56.425 [main] JDBCConnectionPool - java.sql.SQLException: The url cannot be null
[ERROR] 2019-03-27 10:29:56.440 [main] JDBCConnectionPool - java.sql.SQLException: The url cannot be null
[ERROR] 2019-03-27 10:29:56.442 [main] JDBCConnectionPool - java.sql.SQLException: The url cannot be null
[ERROR] 2019-03-27 10:29:56.449 [main] JDBCConnectionPool - java.sql.SQLException: The url cannot be null
[ERROR] 2019-03-27 10:29:56.453 [main] JDBCConnectionPool - java.sql.SQLException: The url cannot be null
[ERROR] 2019-03-27 10:29:56.457 [main] JDBCConnectionPool - java.sql.SQLException: The url cannot be null
[ERROR] 2019-03-27 10:29:56.465 [main] JDBCConnectionPool - java.sql.SQLException: The url cannot be null
[ERROR] 2019-03-27 10:29:56.468 [main] JDBCConnectionPool - java.sql.SQLException: The url cannot be null
[ERROR] 2019-03-27 10:29:56.486 [main] JDBCConnectionPool - java.sql.SQLException: The url cannot be null
[ERROR] 2019-03-27 10:29:56.517 [main] JDBCConnectionPool - java.sql.SQLException: The url cannot be null
[ERROR] 2019-03-27 10:29:56.519 [main] JDBCConnectionPool - java.sql.SQLException: The url cannot be null
[ERROR] 2019-03-27 10:29:56.537 [main] JDBCConnectionPool - java.sql.SQLException: The url cannot be null
[ERROR] 2019-03-27 10:31:21.541 [main] JDBCConnectionPool - java.io.FileNotFoundException: db.properties (No such file or directory)
[ERROR] 2019-03-27 10:31:21.565 [main] JDBCConnectionPool - java.sql.SQLException: The url cannot be null
[ERROR] 2019-03-27 10:31:21.565 [main] JDBCConnectionPool - java.sql.SQLException: The url cannot be null
[ERROR] 2019-03-27 10:31:21.565 [main] JDBCConnectionPool - java.sql.SQLException: The url cannot be null
[ERROR] 2019-03-27 10:31:21.566 [main] JDBCConnectionPool - java.sql.SQLException: The url cannot be null
[ERROR] 2019-03-27 10:31:21.566 [main] JDBCConnectionPool - java.sql.SQLException: The url cannot be null
[ERROR] 2019-03-27 10:31:21.566 [main] JDBCConnectionPool - java.sql.SQLException: The url cannot be null
[ERROR] 2019-03-27 10:31:21.566 [main] JDBCConnectionPool - java.sql.SQLException: The url cannot be null
[ERROR] 2019-03-27 10:31:21.566 [main] JDBCConnectionPool - java.sql.SQLException: The url cannot be null
[ERROR] 2019-03-27 10:31:21.566 [main] JDBCConnectionPool - java.sql.SQLException: The url cannot be null
[ERROR] 2019-03-27 10:31:21.567 [main] JDBCConnectionPool - java.sql.SQLException: The url cannot be null
[ERROR] 2019-03-27 10:31:43.972 [main] JDBCConnectionPool - java.io.FileNotFoundException: ../db.properties (No such file or directory)
[ERROR] 2019-03-27 10:31:43.990 [main] JDBCConnectionPool - java.sql.SQLException: The url cannot be null
[ERROR] 2019-03-27 10:31:43.991 [main] JDBCConnectionPool - java.sql.SQLException: The url cannot be null
[ERROR] 2019-03-27 10:31:43.991 [main] JDBCConnectionPool - java.sql.SQLException: The url cannot be null
[ERROR] 2019-03-27 10:31:43.991 [main] JDBCConnectionPool - java.sql.SQLException: The url cannot be null
[ERROR] 2019-03-27 10:31:43.991 [main] JDBCConnectionPool - java.sql.SQLException: The url cannot be null
[ERROR] 2019-03-27 10:31:43.991 [main] JDBCConnectionPool - java.sql.SQLException: The url cannot be null
[ERROR] 2019-03-27 10:31:43.992 [main] JDBCConnectionPool - java.sql.SQLException: The url cannot be null
[ERROR] 2019-03-27 10:31:43.992 [main] JDBCConnectionPool - java.sql.SQLException: The url cannot be null
[ERROR] 2019-03-27 10:31:43.992 [main] JDBCConnectionPool - java.sql.SQLException: The url cannot be null
[ERROR] 2019-03-27 10:31:43.992 [main] JDBCConnectionPool - java.sql.SQLException: The url cannot be null
[ERROR] 2019-03-27 10:32:11.010 [main] JDBCConnectionPool - java.io.FileNotFoundException: ./resources/db.properties (No such file or directory)
[ERROR] 2019-03-27 10:32:11.033 [main] JDBCConnectionPool - java.sql.SQLException: The url cannot be null
[ERROR] 2019-03-27 10:32:11.033 [main] JDBCConnectionPool - java.sql.SQLException: The url cannot be null
[ERROR] 2019-03-27 10:32:11.033 [main] JDBCConnectionPool - java.sql.SQLException: The url cannot be null
[ERROR] 2019-03-27 10:32:11.034 [main] JDBCConnectionPool - java.sql.SQLException: The url cannot be null
[ERROR] 2019-03-27 10:32:11.034 [main] JDBCConnectionPool - java.sql.SQLException: The url cannot be null
[ERROR] 2019-03-27 10:32:11.034 [main] JDBCConnectionPool - java.sql.SQLException: The url cannot be null
[ERROR] 2019-03-27 10:32:11.034 [main] JDBCConnectionPool - java.sql.SQLException: The url cannot be null
[ERROR] 2019-03-27 10:32:11.034 [main] JDBCConnectionPool - java.sql.SQLException: The url cannot be null
[ERROR] 2019-03-27 10:32:11.034 [main] JDBCConnectionPool - java.sql.SQLException: The url cannot be null
[ERROR] 2019-03-27 10:32:11.034 [main] JDBCConnectionPool - java.sql.SQLException: The url cannot be null
[ERROR] 2019-03-29 10:49:02.769 [main] AbstractDao - Exception with adding element. It was not added.
[ERROR] 2019-03-29 11:01:18.775 [main] AbstractDao - java.sql.SQLSyntaxErrorException: Unknown column 'role_id' in 'from clause'
[ERROR] 2019-03-29 11:07:03.836 [main] UserDao - java.sql.SQLSyntaxErrorException: Unknown column 'role_id' in 'from clause'
[ERROR] 2019-03-29 11:07:38.871 [main] UserDao - java.sql.SQLException: Before start of result set
[INFO ] 2019-03-31 16:24:55.797 [main] ConnectionPool - com.mysql.cj.jdbc.ConnectionImpl@2b48a640connection created.
[INFO ] 2019-03-31 16:24:55.864 [main] ConnectionPool - get connection back to connection pool
[INFO ] 2019-03-31 16:24:55.865 [main] ConnectionPool - get connection back to connection pool
[INFO ] 2019-03-31 16:24:55.920 [main] ConnectionPool - get connection back to connection pool
[INFO ] 2019-03-31 16:29:19.868 [main] ConnectionPool - com.mysql.cj.jdbc.ConnectionImpl@2b48a640connection created.
[INFO ] 2019-03-31 16:29:19.969 [main] ConnectionPool - get connection back to connection pool
[INFO ] 2019-03-31 16:33:22.023 [main] ConnectionPool - com.mysql.cj.jdbc.ConnectionImpl@2b48a640connection created.
[INFO ] 2019-03-31 16:33:22.063 [main] ConnectionPool - get connection back to connection pool
[INFO ] 2019-03-31 17:02:43.436 [main] ConnectionPool - com.mysql.cj.jdbc.ConnectionImpl@2b48a640connection created.
[INFO ] 2019-03-31 17:02:43.587 [main] ConnectionPool - get connection back to connection pool
[INFO ] 2019-03-31 17:03:25.616 [main] ConnectionPool - com.mysql.cj.jdbc.ConnectionImpl@5536379econnection created.
[INFO ] 2019-03-31 17:03:25.770 [main] ConnectionPool - get connection back to connection pool
[INFO ] 2019-03-31 17:04:48.238 [main] ConnectionPool - com.mysql.cj.jdbc.ConnectionImpl@2b48a640connection created.
[INFO ] 2019-03-31 17:04:48.398 [main] ConnectionPool - get connection back to connection pool
[INFO ] 2019-03-31 17:05:33.728 [main] ConnectionPool - com.mysql.cj.jdbc.ConnectionImpl@2b48a640connection created.
[INFO ] 2019-03-31 17:05:34.004 [main] ConnectionPool - get connection back to connection pool
[INFO ] 2019-03-31 17:07:22.954 [main] ConnectionPool - com.mysql.cj.jdbc.ConnectionImpl@2b48a640connection created.
[INFO ] 2019-03-31 17:07:23.115 [main] ConnectionPool - get connection back to connection pool
[INFO ] 2019-03-31 17:08:24.750 [main] ConnectionPool - com.mysql.cj.jdbc.ConnectionImpl@2b48a640connection created.
[INFO ] 2019-03-31 17:08:25.207 [main] ConnectionPool - get connection back to connection pool
[INFO ] 2019-03-31 17:08:25.381 [main] ConnectionPool - get connection back to connection pool
[ERROR] 2019-03-31 17:08:25.383 [main] UserService - Error while signing in user
[INFO ] 2019-03-31 17:08:53.531 [main] ConnectionPool - com.mysql.cj.jdbc.ConnectionImpl@6c8bca63connection created.
[INFO ] 2019-03-31 17:08:53.978 [main] ConnectionPool - get connection back to connection pool
[INFO ] 2019-03-31 17:09:21.720 [main] ConnectionPool - get connection back to connection pool
[ERROR] 2019-03-31 17:09:21.721 [main] UserService - Error while signing in user
[INFO ] 2019-03-31 20:18:43.825 [main] ConnectionPool - com.mysql.cj.jdbc.ConnectionImpl@2b48a640connection created.
[INFO ] 2019-03-31 20:18:43.879 [main] ConnectionPool - get connection back to connection pool
[INFO ] 2019-03-31 20:18:43.907 [main] ConnectionPool - get connection back to connection pool
[ERROR] 2019-03-31 20:18:43.907 [main] UserService - Error while signing in user
[INFO ] 2019-03-31 20:19:33.086 [main] ConnectionPool - com.mysql.cj.jdbc.ConnectionImpl@2b48a640connection created.
[INFO ] 2019-03-31 20:19:33.133 [main] ConnectionPool - get connection back to connection pool
[INFO ] 2019-03-31 20:20:03.277 [main] ConnectionPool - com.mysql.cj.jdbc.ConnectionImpl@2364305aconnection created.
[INFO ] 2019-03-31 20:20:03.316 [main] ConnectionPool - get connection back to connection pool
[INFO ] 2019-03-31 20:20:45.196 [main] ConnectionPool - get connection back to connection pool
[INFO ] 2019-03-31 20:27:02.704 [main] ConnectionPool - get connection back to connection pool
[ERROR] 2019-03-31 20:27:02.731 [main] UserService - Error while signing in user
[INFO ] 2019-03-31 20:27:18.208 [main] ConnectionPool - com.mysql.cj.jdbc.ConnectionImpl@6c8bca63connection created.
[INFO ] 2019-03-31 20:27:18.240 [main] ConnectionPool - get connection back to connection pool
[INFO ] 2019-03-31 20:27:18.251 [main] ConnectionPool - get connection back to connection pool
[INFO ] 2019-03-31 20:27:57.757 [main] ConnectionPool - com.mysql.cj.jdbc.ConnectionImpl@2b48a640connection created.
[INFO ] 2019-03-31 20:27:57.811 [main] ConnectionPool - get connection back to connection pool
[INFO ] 2019-03-31 20:28:18.390 [main] ConnectionPool - com.mysql.cj.jdbc.ConnectionImpl@2b48a640connection created.
[INFO ] 2019-03-31 20:28:18.436 [main] ConnectionPool - get connection back to connection pool
[INFO ] 2019-03-31 20:28:18.488 [main] ConnectionPool - get connection back to connection pool
[INFO ] 2019-03-31 20:29:03.941 [main] ConnectionPool - com.mysql.cj.jdbc.ConnectionImpl@2b48a640connection created.
[INFO ] 2019-03-31 20:29:04.029 [main] ConnectionPool - get connection back to connection pool
[INFO ] 2019-03-31 20:31:23.575 [main] ConnectionPool - com.mysql.cj.jdbc.ConnectionImpl@2b48a640connection created.
[INFO ] 2019-03-31 20:31:23.642 [main] ConnectionPool - get connection back to connection pool
[ERROR] 2019-03-31 20:31:23.642 [main] UserService - Error in service while finding all users!
[INFO ] 2019-03-31 20:31:23.646 [main] ConnectionPool - get connection back to connection pool
[ERROR] 2019-03-31 20:31:23.646 [main] UserService - Error in service while finding user by id
[INFO ] 2019-03-31 20:31:23.652 [main] ConnectionPool - get connection back to connection pool
[INFO ] 2019-03-31 20:31:23.736 [main] ConnectionPool - get connection back to connection pool
[INFO ] 2019-03-31 20:32:12.960 [main] ConnectionPool - com.mysql.cj.jdbc.ConnectionImpl@2b48a640connection created.
[INFO ] 2019-03-31 20:32:13.027 [main] ConnectionPool - get connection back to connection pool
[ERROR] 2019-03-31 20:32:13.028 [main] UserService - Error in service while finding all users!
[INFO ] 2019-03-31 20:32:13.032 [main] ConnectionPool - get connection back to connection pool
[INFO ] 2019-03-31 20:32:13.033 [main] ConnectionPool - get connection back to connection pool
[INFO ] 2019-03-31 20:32:13.034 [main] ConnectionPool - get connection back to connection pool
[INFO ] 2019-03-31 20:32:41.096 [main] ConnectionPool - com.mysql.cj.jdbc.ConnectionImpl@277f7dd3connection created.
[INFO ] 2019-03-31 20:33:29.562 [main] ConnectionPool - get connection back to connection pool
[ERROR] 2019-03-31 20:33:29.562 [main] UserService - Error in service while finding all users!
[INFO ] 2019-03-31 20:33:29.566 [main] ConnectionPool - get connection back to connection pool
[INFO ] 2019-03-31 20:33:29.572 [main] ConnectionPool - get connection back to connection pool
[INFO ] 2019-03-31 20:33:29.573 [main] ConnectionPool - get connection back to connection pool
[INFO ] 2019-03-31 20:33:35.005 [main] ConnectionPool - com.mysql.cj.jdbc.ConnectionImpl@2b48a640connection created.
[INFO ] 2019-03-31 20:33:35.058 [main] ConnectionPool - get connection back to connection pool
[INFO ] 2019-03-31 20:33:35.061 [main] ConnectionPool - get connection back to connection pool
[INFO ] 2019-03-31 20:33:35.062 [main] ConnectionPool - get connection back to connection pool
[INFO ] 2019-03-31 20:33:35.063 [main] ConnectionPool - get connection back to connection pool
[INFO ] 2019-03-31 20:43:04.996 [main] ConnectionPool - com.mysql.cj.jdbc.ConnectionImpl@2b48a640connection created.
[INFO ] 2019-03-31 20:43:05.045 [main] ConnectionPool - get connection back to connection pool
[ERROR] 2019-03-31 20:43:05.046 [main] UserService - com.epam.kirillcheldishkin.dao.exception.DaoException: Failed while saving entity.
[INFO ] 2019-03-31 20:43:24.125 [main] ConnectionPool - com.mysql.cj.jdbc.ConnectionImpl@6c8bca63connection created.
[INFO ] 2019-03-31 20:43:52.792 [main] ConnectionPool - get connection back to connection pool
[ERROR] 2019-03-31 20:43:52.793 [main] UserService - com.epam.kirillcheldishkin.dao.exception.DaoException: Failed while saving entity.
[INFO ] 2019-03-31 20:43:58.668 [main] ConnectionPool - com.mysql.cj.jdbc.ConnectionImpl@2b48a640connection created.
[INFO ] 2019-03-31 20:43:58.786 [main] ConnectionPool - get connection back to connection pool
[INFO ] 2019-03-31 20:44:56.850 [main] ConnectionPool - com.mysql.cj.jdbc.ConnectionImpl@2b48a640connection created.
[INFO ] 2019-03-31 20:44:56.893 [main] ConnectionPool - get connection back to connection pool
[INFO ] 2019-03-31 20:45:15.996 [main] ConnectionPool - com.mysql.cj.jdbc.ConnectionImpl@2b48a640connection created.
[INFO ] 2019-03-31 20:45:16.069 [main] ConnectionPool - get connection back to connection pool
[INFO ] 2019-03-31 20:45:41.145 [main] ConnectionPool - com.mysql.cj.jdbc.ConnectionImpl@277f7dd3connection created.
[INFO ] 2019-03-31 20:46:03.466 [main] ConnectionPool - get connection back to connection pool
[INFO ] 2019-03-31 20:46:06.909 [main] ConnectionPool - com.mysql.cj.jdbc.ConnectionImpl@2b48a640connection created.
[INFO ] 2019-03-31 20:46:06.963 [main] ConnectionPool - get connection back to connection pool
[INFO ] 2019-03-31 20:46:20.903 [main] ConnectionPool - com.mysql.cj.jdbc.ConnectionImpl@277f7dd3connection created.
[INFO ] 2019-03-31 20:47:36.023 [main] ConnectionPool - get connection back to connection pool
[INFO ] 2019-03-31 20:48:14.178 [main] ConnectionPool - com.mysql.cj.jdbc.ConnectionImpl@2b48a640connection created.
[INFO ] 2019-03-31 20:48:14.221 [main] ConnectionPool - get connection back to connection pool
[INFO ] 2019-03-31 20:48:36.369 [main] ConnectionPool - com.mysql.cj.jdbc.ConnectionImpl@2b48a640connection created.
[INFO ] 2019-03-31 20:48:36.444 [main] ConnectionPool - get connection back to connection pool
[INFO ] 2019-03-31 20:58:06.176 [main] ConnectionPool - com.mysql.cj.jdbc.ConnectionImpl@2b48a640connection created.
[INFO ] 2019-03-31 20:58:06.211 [main] ConnectionPool - get connection back to connection pool
[ERROR] 2019-03-31 20:58:06.212 [main] UserService - com.epam.kirillcheldishkin.dao.exception.DaoException: Failed while finding order
[INFO ] 2019-03-31 20:58:34.451 [main] ConnectionPool - com.mysql.cj.jdbc.ConnectionImpl@2364305aconnection created.
[INFO ] 2019-03-31 20:59:23.580 [main] ConnectionPool - get connection back to connection pool
[ERROR] 2019-03-31 20:59:23.583 [main] UserService - com.epam.kirillcheldishkin.dao.exception.DaoException: Failed while finding order
[INFO ] 2019-03-31 20:59:29.207 [main] ConnectionPool - com.mysql.cj.jdbc.ConnectionImpl@2b48a640connection created.
[INFO ] 2019-03-31 20:59:29.252 [main] ConnectionPool - get connection back to connection pool
[INFO ] 2019-03-31 21:00:41.494 [main] ConnectionPool - com.mysql.cj.jdbc.ConnectionImpl@2b48a640connection created.
[INFO ] 2019-03-31 21:00:41.521 [main] ConnectionPool - get connection back to connection pool
[INFO ] 2019-03-31 21:00:41.564 [main] ConnectionPool - get connection back to connection pool
[INFO ] 2019-03-31 21:00:41.574 [main] ConnectionPool - get connection back to connection pool
[INFO ] 2019-03-31 21:03:05.673 [main] ConnectionPool - com.mysql.cj.jdbc.ConnectionImpl@2b48a640connection created.
[INFO ] 2019-03-31 21:03:05.806 [main] ConnectionPool - get connection back to connection pool
[INFO ] 2019-03-31 21:04:53.019 [main] ConnectionPool - com.mysql.cj.jdbc.ConnectionImpl@2b48a640connection created.
[INFO ] 2019-03-31 21:04:53.084 [main] ConnectionPool - get connection back to connection pool
[ERROR] 2019-04-13 18:39:38.164 [main] ConnectionPool - java.lang.NullPointerException
[ERROR] 2019-04-13 18:40:55.135 [main] ConnectionPool - java.lang.NullPointerException
[ERROR] 2019-04-13 18:41:45.972 [main] ConnectionPool - java.lang.NullPointerException
[ERROR] 2019-04-13 18:42:42.339 [main] ConnectionPool - java.lang.NullPointerException
[INFO ] 2019-04-13 18:43:22.108 [main] ConnectionPool - releaseConnection
[INFO ] 2019-04-13 23:42:07.789 [main] ConnectionPool - releaseConnection
[INFO ] 2019-04-14 10:24:02.199 [main] ConnectionPool - releaseConnection
[INFO ] 2019-04-14 10:26:57.052 [main] ConnectionPool - releaseConnection
[INFO ] 2019-04-14 10:27:39.982 [main] ConnectionPool - releaseConnection
[INFO ] 2019-04-14 10:28:19.253 [main] ConnectionPool - releaseConnection
[INFO ] 2019-04-14 10:28:37.953 [main] ConnectionPool - releaseConnection
[INFO ] 2019-04-14 10:37:58.559 [main] ConnectionPool - releaseConnection
[INFO ] 2019-04-14 10:38:09.345 [main] ConnectionPool - releaseConnection
[INFO ] 2019-04-14 11:46:41.668 [main] ConnectionPool - releaseConnection
[INFO ] 2019-04-14 11:46:41.679 [main] ConnectionPool - releaseConnection
[INFO ] 2019-04-14 11:49:01.959 [main] ConnectionPool - releaseConnection
[INFO ] 2019-04-14 11:49:01.984 [main] ConnectionPool - releaseConnection
[INFO ] 2019-04-14 11:49:11.685 [main] ConnectionPool - releaseConnection
[INFO ] 2019-04-14 11:49:11.698 [main] ConnectionPool - releaseConnection
[INFO ] 2019-04-14 11:49:39.853 [main] ConnectionPool - releaseConnection
[INFO ] 2019-04-14 11:49:39.870 [main] ConnectionPool - releaseConnection
[INFO ] 2019-04-14 11:50:41.731 [main] ConnectionPool - releaseConnection
[INFO ] 2019-04-14 11:51:02.791 [main] ConnectionPool - releaseConnection
[INFO ] 2019-04-14 11:52:52.499 [main] ConnectionPool - releaseConnection
[INFO ] 2019-04-14 11:52:52.572 [main] ConnectionPool - releaseConnection
[INFO ] 2019-04-14 11:53:26.140 [main] ConnectionPool - releaseConnection
[INFO ] 2019-04-14 11:53:26.160 [main] ConnectionPool - releaseConnection
[INFO ] 2019-04-14 11:58:59.303 [main] ConnectionPool - releaseConnection
[INFO ] 2019-04-14 11:58:59.332 [main] ConnectionPool - releaseConnection
[INFO ] 2019-04-14 12:02:43.498 [main] ConnectionPool - releaseConnection
[INFO ] 2019-04-14 12:02:43.719 [main] ConnectionPool - releaseConnection
[INFO ] 2019-04-14 12:03:07.584 [main] ConnectionPool - releaseConnection
[INFO ] 2019-04-14 12:03:07.621 [main] ConnectionPool - releaseConnection
[INFO ] 2019-04-14 12:05:47.388 [main] ConnectionPool - releaseConnection
[INFO ] 2019-04-14 12:05:47.430 [main] ConnectionPool - releaseConnection
[INFO ] 2019-04-14 12:08:13.541 [main] ConnectionPool - releaseConnection
[INFO ] 2019-04-14 12:08:13.552 [main] ConnectionPool - releaseConnection
[INFO ] 2019-04-14 12:15:53.358 [main] ConnectionPool - releaseConnection
[INFO ] 2019-04-14 12:15:53.378 [main] ConnectionPool - releaseConnection
[INFO ] 2019-04-14 12:20:27.511 [main] ConnectionPool - releaseConnection
[INFO ] 2019-04-14 12:20:27.522 [main] ConnectionPool - releaseConnection
[INFO ] 2019-04-14 12:21:28.967 [main] ConnectionPool - releaseConnection
[INFO ] 2019-04-14 12:21:29.019 [main] ConnectionPool - releaseConnection
[INFO ] 2019-04-14 12:21:41.957 [main] ConnectionPool - releaseConnection
[INFO ] 2019-04-14 12:21:41.967 [main] ConnectionPool - releaseConnection
[INFO ] 2019-04-14 12:24:07.105 [main] ConnectionPool - releaseConnection
[INFO ] 2019-04-14 12:24:07.117 [main] ConnectionPool - releaseConnection
[INFO ] 2019-04-14 12:24:45.023 [main] ConnectionPool - releaseConnection
[INFO ] 2019-04-14 12:24:45.047 [main] ConnectionPool - releaseConnection
[INFO ] 2019-04-14 12:25:04.815 [main] ConnectionPool - releaseConnection
[INFO ] 2019-04-14 12:25:04.828 [main] ConnectionPool - releaseConnection
[INFO ] 2019-04-14 12:25:11.645 [main] ConnectionPool - releaseConnection
[INFO ] 2019-04-14 12:25:11.652 [main] ConnectionPool - releaseConnection
[INFO ] 2019-04-14 12:25:22.505 [main] ConnectionPool - releaseConnection
[INFO ] 2019-04-14 12:25:22.516 [main] ConnectionPool - releaseConnection
[INFO ] 2019-04-14 12:25:28.872 [main] ConnectionPool - releaseConnection
[INFO ] 2019-04-14 12:25:28.883 [main] ConnectionPool - releaseConnection
[INFO ] 2019-04-14 12:27:50.678 [main] ConnectionPool - releaseConnection
[INFO ] 2019-04-14 12:27:50.693 [main] ConnectionPool - releaseConnection
[INFO ] 2019-04-14 12:28:02.735 [main] ConnectionPool - releaseConnection
[INFO ] 2019-04-14 12:28:02.748 [main] ConnectionPool - releaseConnection
[INFO ] 2019-04-14 12:28:13.346 [main] ConnectionPool - releaseConnection
[INFO ] 2019-04-14 12:28:13.358 [main] ConnectionPool - releaseConnection
[INFO ] 2019-04-14 12:28:20.309 [main] ConnectionPool - releaseConnection
[INFO ] 2019-04-14 12:28:20.325 [main] ConnectionPool - releaseConnection
[INFO ] 2019-04-14 12:28:30.158 [main] ConnectionPool - releaseConnection
[INFO ] 2019-04-14 12:28:30.172 [main] ConnectionPool - releaseConnection
[INFO ] 2019-04-14 12:28:57.302 [main] ConnectionPool - releaseConnection
[INFO ] 2019-04-14 12:28:57.316 [main] ConnectionPool - releaseConnection
[INFO ] 2019-04-14 12:29:05.050 [main] ConnectionPool - releaseConnection
[INFO ] 2019-04-14 12:29:05.062 [main] ConnectionPool - releaseConnection
[INFO ] 2019-04-14 12:35:52.388 [main] ConnectionPool - releaseConnection
[INFO ] 2019-04-14 12:35:52.400 [main] ConnectionPool - releaseConnection
[INFO ] 2019-04-14 12:36:06.332 [main] ConnectionPool - releaseConnection
[INFO ] 2019-04-14 12:36:06.343 [main] ConnectionPool - releaseConnection
[INFO ] 2019-04-14 12:36:11.062 [main] ConnectionPool - releaseConnection
[INFO ] 2019-04-14 12:36:11.075 [main] ConnectionPool - releaseConnection
[INFO ] 2019-04-14 12:37:04.201 [main] ConnectionPool - releaseConnection
[INFO ] 2019-04-14 12:37:04.214 [main] ConnectionPool - releaseConnection
[INFO ] 2019-04-14 12:37:08.556 [main] ConnectionPool - releaseConnection
[INFO ] 2019-04-14 12:37:08.571 [main] ConnectionPool - releaseConnection
[INFO ] 2019-04-14 12:37:12.767 [main] ConnectionPool - releaseConnection
[INFO ] 2019-04-14 12:37:12.779 [main] ConnectionPool - releaseConnection
[INFO ] 2019-04-14 12:39:52.377 [main] ConnectionPool - releaseConnection
[INFO ] 2019-04-14 12:39:52.391 [main] ConnectionPool - releaseConnection
[INFO ] 2019-04-14 12:40:03.949 [main] ConnectionPool - releaseConnection
[INFO ] 2019-04-14 12:40:03.961 [main] ConnectionPool - releaseConnection
[INFO ] 2019-04-14 12:40:17.580 [main] ConnectionPool - releaseConnection
[INFO ] 2019-04-14 12:40:17.590 [main] ConnectionPool - releaseConnection
[INFO ] 2019-04-14 12:40:50.368 [main] ConnectionPool - releaseConnection
[INFO ] 2019-04-14 12:40:50.392 [main] ConnectionPool - releaseConnection
[INFO ] 2019-04-14 12:41:14.255 [main] ConnectionPool - releaseConnection
[INFO ] 2019-04-14 12:41:14.274 [main] ConnectionPool - releaseConnection
[INFO ] 2019-04-14 12:41:20.907 [main] ConnectionPool - releaseConnection
[INFO ] 2019-04-14 12:41:20.936 [main] ConnectionPool - releaseConnection
[INFO ] 2019-04-14 12:43:45.086 [main] ConnectionPool - releaseConnection
[INFO ] 2019-04-14 12:43:45.099 [main] ConnectionPool - releaseConnection
[INFO ] 2019-04-14 12:45:09.573 [main] ConnectionPool - releaseConnection
[INFO ] 2019-04-14 12:45:09.587 [main] ConnectionPool - releaseConnection
[INFO ] 2019-04-14 12:45:27.439 [main] ConnectionPool - releaseConnection
[INFO ] 2019-04-14 12:45:27.453 [main] ConnectionPool - releaseConnection
[INFO ] 2019-04-14 12:45:39.552 [main] ConnectionPool - releaseConnection
[INFO ] 2019-04-14 12:45:39.560 [main] ConnectionPool - releaseConnection
[INFO ] 2019-04-14 12:45:47.764 [main] ConnectionPool - releaseConnection
[INFO ] 2019-04-14 12:45:47.777 [main] ConnectionPool - releaseConnection
[INFO ] 2019-04-14 12:50:07.219 [main] ConnectionPool - releaseConnection
[INFO ] 2019-04-14 12:50:07.232 [main] ConnectionPool - releaseConnection
[INFO ] 2019-04-14 12:50:12.587 [main] ConnectionPool - releaseConnection
[INFO ] 2019-04-14 12:50:12.597 [main] ConnectionPool - releaseConnection
[INFO ] 2019-04-14 12:50:35.282 [main] ConnectionPool - releaseConnection
[INFO ] 2019-04-14 12:50:35.292 [main] ConnectionPool - releaseConnection
[INFO ] 2019-04-14 12:50:40.638 [main] ConnectionPool - releaseConnection
[INFO ] 2019-04-14 12:50:40.654 [main] ConnectionPool - releaseConnection
[INFO ] 2019-04-14 12:50:45.266 [main] ConnectionPool - releaseConnection
[INFO ] 2019-04-14 12:50:45.294 [main] ConnectionPool - releaseConnection
[INFO ] 2019-04-14 12:55:20.483 [main] ConnectionPool - releaseConnection
[INFO ] 2019-04-14 12:55:20.493 [main] ConnectionPool - releaseConnection
[INFO ] 2019-04-14 12:55:49.668 [main] ConnectionPool - releaseConnection
[INFO ] 2019-04-14 12:55:49.680 [main] ConnectionPool - releaseConnection
[INFO ] 2019-04-14 12:56:14.841 [main] ConnectionPool - releaseConnection
[INFO ] 2019-04-14 12:56:14.851 [main] ConnectionPool - releaseConnection
[INFO ] 2019-04-14 12:56:22.616 [main] ConnectionPool - releaseConnection
[INFO ] 2019-04-14 12:56:22.626 [main] ConnectionPool - releaseConnection
[INFO ] 2019-04-14 13:09:31.083 [main] ConnectionPool - releaseConnection
[INFO ] 2019-04-14 13:09:31.099 [main] ConnectionPool - releaseConnection
[INFO ] 2019-04-14 13:09:40.737 [main] ConnectionPool - releaseConnection
[INFO ] 2019-04-14 13:09:40.752 [main] ConnectionPool - releaseConnection
[INFO ] 2019-04-14 13:09:48.854 [main] ConnectionPool - releaseConnection
[INFO ] 2019-04-14 13:09:48.866 [main] ConnectionPool - releaseConnection
[INFO ] 2019-04-14 13:11:11.342 [main] ConnectionPool - releaseConnection
[INFO ] 2019-04-14 13:11:11.353 [main] ConnectionPool - releaseConnection
[INFO ] 2019-04-14 13:11:19.325 [main] ConnectionPool - releaseConnection
[INFO ] 2019-04-14 13:11:19.340 [main] ConnectionPool - releaseConnection
[INFO ] 2019-04-14 13:14:22.809 [main] ConnectionPool - releaseConnection
[INFO ] 2019-04-14 13:14:22.822 [main] ConnectionPool - releaseConnection
[INFO ] 2019-04-14 13:14:43.734 [main] ConnectionPool - releaseConnection
[INFO ] 2019-04-14 13:14:43.749 [main] ConnectionPool - releaseConnection
[INFO ] 2019-04-14 13:14:51.308 [main] ConnectionPool - releaseConnection
[INFO ] 2019-04-14 13:14:51.316 [main] ConnectionPool - releaseConnection
[INFO ] 2019-04-14 13:21:46.228 [main] ConnectionPool - releaseConnection
[INFO ] 2019-04-14 13:21:46.240 [main] ConnectionPool - releaseConnection
[INFO ] 2019-04-14 13:21:54.454 [main] ConnectionPool - releaseConnection
[INFO ] 2019-04-14 13:21:54.467 [main] ConnectionPool - releaseConnection
[INFO ] 2019-04-14 13:21:59.000 [main] ConnectionPool - releaseConnection
[INFO ] 2019-04-14 13:21:59.018 [main] ConnectionPool - releaseConnection
[INFO ] 2019-04-14 13:22:03.930 [main] ConnectionPool - releaseConnection
[INFO ] 2019-04-14 13:22:03.960 [main] ConnectionPool - releaseConnection
[INFO ] 2019-04-14 13:22:23.685 [main] ConnectionPool - releaseConnection
[INFO ] 2019-04-14 13:22:23.695 [main] ConnectionPool - releaseConnection
[INFO ] 2019-04-14 13:22:27.473 [main] ConnectionPool - releaseConnection
[INFO ] 2019-04-14 13:22:27.484 [main] ConnectionPool - releaseConnection
[INFO ] 2019-04-14 13:22:32.015 [main] ConnectionPool - releaseConnection
[INFO ] 2019-04-14 13:22:32.029 [main] ConnectionPool - releaseConnection
[INFO ] 2019-04-14 13:22:41.171 [main] ConnectionPool - releaseConnection
[INFO ] 2019-04-14 13:22:41.181 [main] ConnectionPool - releaseConnection
[INFO ] 2019-04-14 13:22:46.481 [main] ConnectionPool - releaseConnection
[INFO ] 2019-04-14 13:22:46.624 [main] ConnectionPool - releaseConnection
[INFO ] 2019-04-14 13:22:52.608 [main] ConnectionPool - releaseConnection
[INFO ] 2019-04-14 13:22:52.632 [main] ConnectionPool - releaseConnection
[INFO ] 2019-04-14 13:22:58.137 [main] ConnectionPool - releaseConnection
[INFO ] 2019-04-14 13:22:58.149 [main] ConnectionPool - releaseConnection
[INFO ] 2019-04-14 13:23:02.591 [main] ConnectionPool - releaseConnection
[INFO ] 2019-04-14 13:23:02.611 [main] ConnectionPool - releaseConnection
[INFO ] 2019-04-14 13:23:06.496 [main] ConnectionPool - releaseConnection
[INFO ] 2019-04-14 13:23:06.512 [main] ConnectionPool - releaseConnection
[INFO ] 2019-04-14 13:57:46.264 [main] ConnectionPool - releaseConnection
[INFO ] 2019-04-14 13:57:58.867 [main] ConnectionPool - releaseConnection
[INFO ] 2019-04-14 15:43:28.473 [main] ConnectionPool - releaseConnection
[INFO ] 2019-04-14 15:43:28.532 [main] ConnectionPool - releaseConnection
[ERROR] 2019-04-18 11:02:16.188 [main] ConnectionPool - java.lang.NullPointerException
[ERROR] 2019-04-18 11:02:16.201 [main] ConnectionPool - java.lang.NullPointerException
[ERROR] 2019-04-18 11:02:16.203 [main] ConnectionPool - java.lang.NullPointerException
[ERROR] 2019-04-18 11:02:16.204 [main] ConnectionPool - java.lang.NullPointerException
[ERROR] 2019-04-18 11:02:16.205 [main] ConnectionPool - java.lang.NullPointerException
[ERROR] 2019-04-18 11:02:16.206 [main] ConnectionPool - java.lang.NullPointerException
[ERROR] 2019-04-18 11:02:16.213 [main] ConnectionPool - java.lang.NullPointerException
[ERROR] 2019-04-18 11:02:16.215 [main] ConnectionPool - java.lang.NullPointerException
[ERROR] 2019-04-18 11:02:16.216 [main] ConnectionPool - java.lang.NullPointerException
[ERROR] 2019-04-18 11:02:16.218 [main] ConnectionPool - java.lang.NullPointerException
[ERROR] 2019-04-18 11:02:16.220 [main] ConnectionPool - java.lang.NullPointerException
[ERROR] 2019-04-18 11:02:16.222 [main] ConnectionPool - java.lang.NullPointerException
[ERROR] 2019-04-18 11:02:16.470 [main] ConnectionPool - java.lang.NullPointerException
[ERROR] 2019-04-18 11:02:16.476 [main] ConnectionPool - java.lang.NullPointerException
[ERROR] 2019-04-18 11:02:16.477 [main] ConnectionPool - java.lang.NullPointerException
[ERROR] 2019-04-18 11:02:16.478 [main] ConnectionPool - java.lang.NullPointerException
[ERROR] 2019-04-18 11:02:16.479 [main] ConnectionPool - java.lang.NullPointerException
[ERROR] 2019-04-18 11:02:16.480 [main] ConnectionPool - java.lang.NullPointerException
[ERROR] 2019-04-18 11:02:16.484 [main] ConnectionPool - java.lang.NullPointerException
[ERROR] 2019-04-18 11:02:16.486 [main] ConnectionPool - java.lang.NullPointerException
[INFO ] 2019-04-18 11:05:25.847 [main] ConnectionPool - releaseConnection
[INFO ] 2019-04-18 11:05:25.856 [main] ConnectionPool - releaseConnection
[INFO ] 2019-04-18 11:05:25.870 [main] ConnectionPool - releaseConnection
[INFO ] 2019-04-18 11:05:25.871 [main] ConnectionPool - releaseConnection
[INFO ] 2019-04-18 11:05:25.885 [main] ConnectionPool - releaseConnection
[INFO ] 2019-04-18 11:05:25.885 [main] ConnectionPool - releaseConnection
[INFO ] 2019-04-18 11:05:25.891 [main] ConnectionPool - releaseConnection
[INFO ] 2019-04-18 11:05:25.892 [main] ConnectionPool - releaseConnection
[INFO ] 2019-04-18 11:05:25.908 [main] ConnectionPool - releaseConnection
[INFO ] 2019-04-18 11:05:25.909 [main] ConnectionPool - releaseConnection
[INFO ] 2019-04-18 11:05:25.913 [main] ConnectionPool - releaseConnection
[INFO ] 2019-04-18 11:05:25.913 [main] ConnectionPool - releaseConnection
[INFO ] 2019-04-18 11:05:25.914 [main] ConnectionPool - releaseConnection
[INFO ] 2019-04-18 11:05:26.032 [main] ConnectionPool - releaseConnection
[INFO ] 2019-04-18 11:05:26.033 [main] ConnectionPool - releaseConnection
[INFO ] 2019-04-18 11:05:26.040 [main] ConnectionPool - releaseConnection
[INFO ] 2019-04-18 11:05:26.041 [main] ConnectionPool - releaseConnection
[INFO ] 2019-04-18 11:05:26.052 [main] ConnectionPool - releaseConnection
[INFO ] 2019-04-18 11:05:26.053 [main] ConnectionPool - releaseConnection
[INFO ] 2019-04-18 11:05:26.063 [main] ConnectionPool - releaseConnection
[INFO ] 2019-04-18 11:05:26.066 [main] ConnectionPool - releaseConnection
[INFO ] 2019-04-18 11:05:26.076 [main] ConnectionPool - releaseConnection
[INFO ] 2019-04-18 11:05:26.076 [main] ConnectionPool - releaseConnection
[INFO ] 2019-04-18 11:05:26.097 [main] ConnectionPool - releaseConnection
[INFO ] 2019-04-18 11:05:26.098 [main] ConnectionPool - releaseConnection
[INFO ] 2019-04-18 11:05:26.106 [main] ConnectionPool - releaseConnection
[INFO ] 2019-04-18 11:05:26.120 [main] ConnectionPool - releaseConnection
[INFO ] 2019-04-18 11:05:26.331 [main] ConnectionPool - releaseConnection
[INFO ] 2019-04-18 11:05:26.332 [main] ConnectionPool - releaseConnection
[INFO ] 2019-04-18 11:05:26.341 [main] ConnectionPool - releaseConnection
[INFO ] 2019-04-18 11:05:26.342 [main] ConnectionPool - releaseConnection
[INFO ] 2019-04-18 11:05:26.350 [main] ConnectionPool - releaseConnection
[INFO ] 2019-04-18 11:05:26.350 [main] ConnectionPool - releaseConnection
[INFO ] 2019-04-18 11:05:26.363 [main] ConnectionPool - releaseConnection
[INFO ] 2019-04-18 11:05:26.363 [main] ConnectionPool - releaseConnection
[INFO ] 2019-04-18 11:05:26.372 [main] ConnectionPool - releaseConnection
[INFO ] 2019-04-18 11:05:26.373 [main] ConnectionPool - releaseConnection
[INFO ] 2019-04-18 11:05:26.373 [main] ConnectionPool - releaseConnection
[INFO ] 2019-04-18 11:05:26.456 [main] ConnectionPool - releaseConnection
[INFO ] 2019-04-18 11:05:26.456 [main] ConnectionPool - releaseConnection
[INFO ] 2019-04-18 11:05:26.462 [main] ConnectionPool - releaseConnection
[INFO ] 2019-04-18 11:05:26.463 [main] ConnectionPool - releaseConnection
[INFO ] 2019-04-18 11:05:26.464 [main] ConnectionPool - releaseConnection
[INFO ] 2019-04-18 11:05:26.465 [main] ConnectionPool - releaseConnection
[INFO ] 2019-04-18 11:05:26.467 [main] ConnectionPool - releaseConnection
[INFO ] 2019-04-18 11:05:26.467 [main] ConnectionPool - releaseConnection
[INFO ] 2019-04-18 11:05:26.473 [main] ConnectionPool - releaseConnection
[INFO ] 2019-04-18 11:05:26.474 [main] ConnectionPool - releaseConnection
[INFO ] 2019-04-18 11:05:26.479 [main] ConnectionPool - releaseConnection
[INFO ] 2019-04-18 11:05:26.480 [main] ConnectionPool - releaseConnection
[INFO ] 2019-04-18 11:05:26.482 [main] ConnectionPool - releaseConnection
[INFO ] 2019-04-18 11:05:26.482 [main] ConnectionPool - releaseConnection
[INFO ] 2019-04-18 11:05:26.483 [main] ConnectionPool - releaseConnection
[INFO ] 2019-04-18 11:05:26.565 [main] ConnectionPool - releaseConnection
[INFO ] 2019-04-18 11:05:26.565 [main] ConnectionPool - releaseConnection
[INFO ] 2019-04-18 11:05:26.568 [main] ConnectionPool - releaseConnection
[INFO ] 2019-04-18 11:05:26.568 [main] ConnectionPool - releaseConnection
[INFO ] 2019-04-18 11:05:26.570 [main] ConnectionPool - releaseConnection
[INFO ] 2019-04-18 11:05:26.571 [main] ConnectionPool - releaseConnection
[INFO ] 2019-04-18 11:05:26.596 [main] ConnectionPool - releaseConnection
[INFO ] 2019-04-18 11:05:26.597 [main] ConnectionPool - releaseConnection
[INFO ] 2019-04-18 11:05:26.601 [main] ConnectionPool - releaseConnection
[INFO ] 2019-04-18 11:05:26.603 [main] ConnectionPool - releaseConnection
[INFO ] 2019-04-18 11:05:26.604 [main] ConnectionPool - releaseConnection
[INFO ] 2019-04-18 11:05:26.693 [main] ConnectionPool - releaseConnection
[INFO ] 2019-04-18 11:05:26.693 [main] ConnectionPool - releaseConnection
[INFO ] 2019-04-18 11:05:26.694 [main] ConnectionPool - releaseConnection
[INFO ] 2019-04-18 11:05:26.694 [main] ConnectionPool - releaseConnection
[INFO ] 2019-04-18 11:05:26.697 [main] ConnectionPool - releaseConnection
[INFO ] 2019-04-18 11:05:26.698 [main] ConnectionPool - releaseConnection
[INFO ] 2019-04-18 11:05:26.701 [main] ConnectionPool - releaseConnection
[INFO ] 2019-04-18 11:05:26.701 [main] ConnectionPool - releaseConnection
[INFO ] 2019-04-18 11:05:26.720 [main] ConnectionPool - releaseConnection
[INFO ] 2019-04-18 11:05:26.721 [main] ConnectionPool - releaseConnection
[INFO ] 2019-04-18 11:05:26.731 [main] ConnectionPool - releaseConnection
[INFO ] 2019-04-18 11:05:26.731 [main] ConnectionPool - releaseConnection
[INFO ] 2019-04-18 11:05:26.732 [main] ConnectionPool - releaseConnection
[INFO ] 2019-04-18 11:05:26.789 [main] ConnectionPool - releaseConnection
[INFO ] 2019-04-18 11:05:26.790 [main] ConnectionPool - releaseConnection
[INFO ] 2019-04-18 11:05:26.798 [main] ConnectionPool - releaseConnection
[INFO ] 2019-04-18 11:05:26.798 [main] ConnectionPool - releaseConnection
[INFO ] 2019-04-18 11:05:26.806 [main] ConnectionPool - releaseConnection
[INFO ] 2019-04-18 11:05:26.807 [main] ConnectionPool - releaseConnection
[INFO ] 2019-04-18 11:05:26.820 [main] ConnectionPool - releaseConnection
[INFO ] 2019-04-18 11:05:26.821 [main] ConnectionPool - releaseConnection
[INFO ] 2019-04-18 11:05:26.831 [main] ConnectionPool - releaseConnection
[INFO ] 2019-04-18 11:05:26.831 [main] ConnectionPool - releaseConnection
[INFO ] 2019-04-18 11:05:26.832 [main] ConnectionPool - releaseConnection
[INFO ] 2019-04-18 11:05:26.910 [main] ConnectionPool - releaseConnection
[INFO ] 2019-04-18 11:05:26.910 [main] ConnectionPool - releaseConnection
[INFO ] 2019-04-18 11:05:26.913 [main] ConnectionPool - releaseConnection
[INFO ] 2019-04-18 11:05:26.914 [main] ConnectionPool - releaseConnection
[ERROR] 2019-04-18 11:05:30.936 [main] ConnectionPool - java.sql.SQLNonTransientConnectionException: Could not create connection to database server. Attempted reconnect 3 times. Giving up.
[ERROR] 2019-04-18 11:05:34.950 [main] ConnectionPool - java.sql.SQLNonTransientConnectionException: Could not create connection to database server. Attempted reconnect 3 times. Giving up.
[ERROR] 2019-04-18 11:05:38.961 [main] ConnectionPool - java.sql.SQLNonTransientConnectionException: Could not create connection to database server. Attempted reconnect 3 times. Giving up.
[INFO ] 2019-04-18 11:05:38.963 [main] ConnectionPool - releaseConnection
